2025-02-03 17:28:30,864 - INFO - Starting the forecasting process...
2025-02-03 17:28:31,296 - INFO - Data loaded successfully.
2025-02-03 17:28:31,296 - INFO - Determined frequency: H
2025-02-03 17:28:31,299 - INFO - Processing a subset of the data: first 410 rows.
/Users/baudoincoispeau/Documents/Keensight/TF4FIP/tsfms/chronos/rolling_window.py:74: UserWarning: Converting to Period representation will drop timezone information.
  "start": context_df.index[0].to_period(freq=args.frequency),
/Users/baudoincoispeau/Documents/Keensight/TF4FIP/tsfms/chronos/rolling_window.py:74: UserWarning: Converting to Period representation will drop timezone information.
  "start": context_df.index[0].to_period(freq=args.frequency),
/Users/baudoincoispeau/Documents/Keensight/TF4FIP/tsfms/chronos/rolling_window.py:74: UserWarning: Converting to Period representation will drop timezone information.
  "start": context_df.index[0].to_period(freq=args.frequency),
/Users/baudoincoispeau/Documents/Keensight/TF4FIP/tsfms/chronos/rolling_window.py:74: UserWarning: Converting to Period representation will drop timezone information.
  "start": context_df.index[0].to_period(freq=args.frequency),
/Users/baudoincoispeau/Documents/Keensight/TF4FIP/tsfms/chronos/rolling_window.py:74: UserWarning: Converting to Period representation will drop timezone information.
  "start": context_df.index[0].to_period(freq=args.frequency),
WARNING:root:GPU backend specified but CUDA is not available. Falling back to CPU.
WARNING:root:GPU backend specified but CUDA is not available. Falling back to CPU.
WARNING:root:GPU backend specified but CUDA is not available. Falling back to CPU.
WARNING:root:GPU backend specified but CUDA is not available. Falling back to CPU.
WARNING:root:GPU backend specified but CUDA is not available. Falling back to CPU.
/Users/baudoincoispeau/Documents/Keensight/TF4FIP/tsfms/chronos/rolling_window.py:74: UserWarning: Converting to Period representation will drop timezone information.
  "start": context_df.index[0].to_period(freq=args.frequency),
WARNING:root:GPU backend specified but CUDA is not available. Falling back to CPU.
/Users/baudoincoispeau/Documents/Keensight/TF4FIP/tsfms/chronos/rolling_window.py:74: UserWarning: Converting to Period representation will drop timezone information.
  "start": context_df.index[0].to_period(freq=args.frequency),
WARNING:root:GPU backend specified but CUDA is not available. Falling back to CPU.
/Users/baudoincoispeau/Documents/Keensight/TF4FIP/tsfms/chronos/rolling_window.py:74: UserWarning: Converting to Period representation will drop timezone information.
  "start": context_df.index[0].to_period(freq=args.frequency),
WARNING:root:GPU backend specified but CUDA is not available. Falling back to CPU.
